<?xml version="1.0" encoding="UTF-8"?>
<!-- Generated by org.testng.reporters.JUnitReportReporter -->
<testsuite hostname="TL1103" failures="0" tests="1" name="week5.day2.EditLead" time="35.099" errors="0" timestamp="2025-10-06T09:16:38 IST" skipped="0">
  <testcase classname="week5.day2.EditLead" name="runEditLead" time="35.099"/>
  <system-out/>
</testsuite> <!-- week5.day2.EditLead -->
