<?xml version="1.0" encoding="UTF-8"?>
<!-- Generated by org.testng.reporters.JUnitReportReporter -->
<testsuite hostname="HetarthLaptop" failures="0" tests="3" name="week5.day2.CreateLead" time="139.278" errors="0" timestamp="2025-10-06T08:24:38 BST" skipped="0">
  <testcase classname="week5.day2.CreateLead" name="runCreateLead" time="34.264"/>
  <testcase classname="week5.day2.CreateLead" name="runCreateLead" time="37.361"/>
  <testcase classname="week5.day2.CreateLead" name="runCreateLead" time="67.653"/>
</testsuite> <!-- week5.day2.CreateLead -->
