<?xml version="1.0" encoding="UTF-8"?>
<!-- Generated by org.testng.reporters.JUnitReportReporter -->
<testsuite hostname="HetarthLaptop" failures="0" tests="1" name="com.leaftaps.testcases.TC003_CreateLead" time="54.642" errors="0" timestamp="2025-10-16T06:56:21 BST" skipped="0">
  <testcase classname="com.leaftaps.testcases.TC003_CreateLead" name="runLogin" time="54.642"/>
  <system-out/>
</testsuite> <!-- com.leaftaps.testcases.TC003_CreateLead -->
