<?xml version="1.0" encoding="UTF-8"?>
<!-- Generated by org.testng.reporters.JUnitReportReporter -->
<testsuite hostname="HetarthLaptop" failures="0" tests="1" name="com.leaftaps.testcases.TC001_VerifyLogin" time="12.900" errors="0" timestamp="2025-10-16T06:56:21 BST" skipped="0">
  <testcase classname="com.leaftaps.testcases.TC001_VerifyLogin" name="runLogin" time="12.900"/>
  <system-out/>
</testsuite> <!-- com.leaftaps.testcases.TC001_VerifyLogin -->
